11-08-2025 9:56:35 AM	This log contains information about the import schema operation into project 'OAuthDb' on computer 'THURA-THINKPAD' by user 'user'.
11-08-2025 9:56:35 AM	Import of database schema has started.
11-08-2025 9:56:45 AM	Gathering database credentials
11-08-2025 9:56:45 AM	Gathering database options
11-08-2025 9:56:45 AM	Gathering generic database scoped configuration option
11-08-2025 9:56:45 AM	Gathering users
11-08-2025 9:56:45 AM	Gathering roles
11-08-2025 9:56:45 AM	Gathering application roles
11-08-2025 9:56:45 AM	Gathering role memberships
11-08-2025 9:56:45 AM	Gathering filegroups
11-08-2025 9:56:45 AM	Gathering full-text catalogs
11-08-2025 9:56:45 AM	Gathering assemblies
11-08-2025 9:56:45 AM	Gathering certificates
11-08-2025 9:56:45 AM	Gathering asymmetric keys
11-08-2025 9:56:45 AM	Gathering symmetric keys
11-08-2025 9:56:45 AM	Gathering encrypted symmetric keys
11-08-2025 9:56:45 AM	Gathering schemas
11-08-2025 9:56:45 AM	Gathering XML schema collections
11-08-2025 9:56:45 AM	Gathering user-defined data types
11-08-2025 9:56:45 AM	Gathering user-defined types
11-08-2025 9:56:45 AM	Gathering table types
11-08-2025 9:56:45 AM	Gathering unique keys for table types
11-08-2025 9:56:45 AM	Gathering primary keys for table types
11-08-2025 9:56:45 AM	Gathering indexes for table types
11-08-2025 9:56:45 AM	Gathering check constraints for table types
11-08-2025 9:56:45 AM	Gathering default constraints for table types
11-08-2025 9:56:45 AM	Gathering partition functions
11-08-2025 9:56:45 AM	Gathering partition schemes
11-08-2025 9:56:45 AM	Gathering functions
11-08-2025 9:56:45 AM	Gathering encrypted functions
11-08-2025 9:56:45 AM	Gathering aggregates
11-08-2025 9:56:45 AM	Gathering procedures
11-08-2025 9:56:45 AM	Gathering encrypted procedures
11-08-2025 9:56:45 AM	Gathering tables
11-08-2025 9:56:45 AM	Gathering primary keys
11-08-2025 9:56:45 AM	Gathering unique constraints
11-08-2025 9:56:45 AM	Gathering foreign keys
11-08-2025 9:56:46 AM	Gathering default constraints
11-08-2025 9:56:46 AM	Gathering check constraints
11-08-2025 9:56:46 AM	Gathering views
11-08-2025 9:56:46 AM	Gathering encrypted views
11-08-2025 9:56:46 AM	Gathering indexes
11-08-2025 9:56:46 AM	Gathering statistics
11-08-2025 9:56:46 AM	Gathering full-text index stoplists
11-08-2025 9:56:46 AM	Gathering search property lists
11-08-2025 9:56:46 AM	Gathering search properties
11-08-2025 9:56:46 AM	Gathering full-text indexes
11-08-2025 9:56:46 AM	Gathering column store indexes
11-08-2025 9:56:46 AM	Gathering spatial indexes
11-08-2025 9:56:46 AM	Gathering XML indexes
11-08-2025 9:56:46 AM	Gathering Selective XML indexes
11-08-2025 9:56:46 AM	Gathering encrypted triggers
11-08-2025 9:56:46 AM	Gathering triggers
11-08-2025 9:56:46 AM	Gathering encrypted and clr ddl triggers
11-08-2025 9:56:46 AM	Gathering ddl triggers
11-08-2025 9:56:46 AM	Creating edge constraints
11-08-2025 9:56:46 AM	Gathering synonyms
11-08-2025 9:56:46 AM	Gathering defaults
11-08-2025 9:56:46 AM	Gathering data constraint uddt bindings
11-08-2025 9:56:46 AM	Gathering rules
11-08-2025 9:56:46 AM	Gathering data constraint uddt bindings
11-08-2025 9:56:46 AM	Gathering message types
11-08-2025 9:56:46 AM	Gathering queues
11-08-2025 9:56:46 AM	Gathering contracts
11-08-2025 9:56:46 AM	Gathering services
11-08-2025 9:56:46 AM	Gathering event notifications
11-08-2025 9:56:46 AM	Gathering remote service bindings
11-08-2025 9:56:46 AM	Gathering broker priorities
11-08-2025 9:56:46 AM	Gathering signatures
11-08-2025 9:56:46 AM	Gathering compression options
11-08-2025 9:56:46 AM	Gathering sequence types
11-08-2025 9:56:46 AM	Gathering security policies
11-08-2025 9:56:46 AM	Gather column encryption keys
11-08-2025 9:56:46 AM	Gathering column master keys
11-08-2025 9:56:46 AM	Gathering external data sources
11-08-2025 9:56:46 AM	Gathering external file formats
11-08-2025 9:56:46 AM	Gathering external tables
11-08-2025 9:56:46 AM	Gathering XML index compression options
11-08-2025 9:56:46 AM	Gathering extended properties
11-08-2025 9:56:46 AM	Gathering assemblies
11-08-2025 9:56:46 AM	Gathering credentials
11-08-2025 9:56:46 AM	Gathering logins
11-08-2025 9:56:46 AM	Gathering server audits
11-08-2025 9:56:46 AM	Scanning project for duplicate elements
11-08-2025 9:56:46 AM	Finished duplicate element processing
11-08-2025 9:56:47 AM	Finished importing database.
11-08-2025 9:56:47 AM	A summary of the import was saved to the following location: D:\Github\Naing\OAuthServer\OAuthDb\Import Schema Logs\OAuthDb_20250811015635.log
11-08-2025 9:56:47 AM	Click Finish to continue...
